[debug] [2026-05-29T11:01:45.967Z] ----------------------------------------------------------------------
[debug] [2026-05-29T11:01:45.975Z] Command:       C:\Program Files\nodejs\node.exe C:\Users\scm09\AppData\Roaming\npm\node_modules\firebase-tools\lib\bin\firebase.js deploy --only functions
[debug] [2026-05-29T11:01:45.976Z] CLI Version:   15.19.0
[debug] [2026-05-29T11:01:45.977Z] Platform:      win32
[debug] [2026-05-29T11:01:45.977Z] Node Version:  v22.18.0
[debug] [2026-05-29T11:01:45.978Z] Time:          Fri May 29 2026 16:31:45 GMT+0530 (India Standard Time)
[debug] [2026-05-29T11:01:45.978Z] ----------------------------------------------------------------------
[debug] 
[debug] [2026-05-29T11:02:16.477Z] Object "/functions" in "firebase.json" has unknown property: {"additionalProperty":"secrets"}
[debug] [2026-05-29T11:02:16.478Z] Object "/functions" in "firebase.json" is missing required property: {"missingProperty":"remoteSource"}
[debug] [2026-05-29T11:02:16.478Z] Field "/functions" in "firebase.json" is possibly invalid: must be array
[debug] [2026-05-29T11:02:16.478Z] Field "/functions" in "firebase.json" is possibly invalid: must match a schema in anyOf
[debug] [2026-05-29T11:02:16.487Z] > command requires scopes: ["email","openid","https://www.googleapis.com/auth/cloudplatformprojects.readonly","https://www.googleapis.com/auth/firebase","https://www.googleapis.com/auth/cloud-platform"]
[debug] [2026-05-29T11:02:16.488Z] > authorizing via signed-in user (scm098@gmail.com)
[debug] [2026-05-29T11:02:16.488Z] [iam] checking project abacusace-mmnqw for permissions ["cloudfunctions.functions.create","cloudfunctions.functions.delete","cloudfunctions.functions.get","cloudfunctions.functions.list","cloudfunctions.functions.update","cloudfunctions.operations.get","firebase.projects.get"]
[debug] [2026-05-29T11:02:16.490Z] Checked if tokens are valid: false, expires at: 1780051285363
[debug] [2026-05-29T11:02:16.491Z] Checked if tokens are valid: false, expires at: 1780051285363
[debug] [2026-05-29T11:02:16.491Z] > refreshing access token with scopes: []
[debug] [2026-05-29T11:02:16.495Z] >>> [apiv2][query] POST https://www.googleapis.com/oauth2/v3/token [none]
[debug] [2026-05-29T11:02:16.495Z] >>> [apiv2][body] POST https://www.googleapis.com/oauth2/v3/token [omitted]
[debug] [2026-05-29T11:02:16.870Z] <<< [apiv2][status] POST https://www.googleapis.com/oauth2/v3/token 200
[debug] [2026-05-29T11:02:16.870Z] <<< [apiv2][body] POST https://www.googleapis.com/oauth2/v3/token [omitted]
[debug] [2026-05-29T11:02:16.935Z] >>> [apiv2][query] POST https://cloudresourcemanager.googleapis.com/v1/projects/abacusace-mmnqw:testIamPermissions [none]
[debug] [2026-05-29T11:02:16.935Z] >>> [apiv2][(partial)header] POST https://cloudresourcemanager.googleapis.com/v1/projects/abacusace-mmnqw:testIamPermissions  x-goog-user-project=abacusace-mmnqw
[debug] [2026-05-29T11:02:16.935Z] >>> [apiv2][body] POST https://cloudresourcemanager.googleapis.com/v1/projects/abacusace-mmnqw:testIamPermissions {"permissions":["cloudfunctions.functions.create","cloudfunctions.functions.delete","cloudfunctions.functions.get","cloudfunctions.functions.list","cloudfunctions.functions.update","cloudfunctions.operations.get","firebase.projects.get"]}
[debug] [2026-05-29T11:02:18.306Z] <<< [apiv2][status] POST https://cloudresourcemanager.googleapis.com/v1/projects/abacusace-mmnqw:testIamPermissions 200
[debug] [2026-05-29T11:02:18.306Z] <<< [apiv2][body] POST https://cloudresourcemanager.googleapis.com/v1/projects/abacusace-mmnqw:testIamPermissions {"permissions":["cloudfunctions.functions.create","cloudfunctions.functions.delete","cloudfunctions.functions.get","cloudfunctions.functions.list","cloudfunctions.functions.update","cloudfunctions.operations.get","firebase.projects.get"]}
[debug] [2026-05-29T11:02:18.307Z] Checked if tokens are valid: true, expires at: 1780056135870
[debug] [2026-05-29T11:02:18.307Z] Checked if tokens are valid: true, expires at: 1780056135870
[debug] [2026-05-29T11:02:18.307Z] >>> [apiv2][query] POST https://iam.googleapis.com/v1/projects/abacusace-mmnqw/serviceAccounts/abacusace-mmnqw@appspot.gserviceaccount.com:testIamPermissions [none]
[debug] [2026-05-29T11:02:18.307Z] >>> [apiv2][body] POST https://iam.googleapis.com/v1/projects/abacusace-mmnqw/serviceAccounts/abacusace-mmnqw@appspot.gserviceaccount.com:testIamPermissions {"permissions":["iam.serviceAccounts.actAs"]}
[debug] [2026-05-29T11:02:20.043Z] <<< [apiv2][status] POST https://iam.googleapis.com/v1/projects/abacusace-mmnqw/serviceAccounts/abacusace-mmnqw@appspot.gserviceaccount.com:testIamPermissions 404
[debug] [2026-05-29T11:02:20.043Z] <<< [apiv2][body] POST https://iam.googleapis.com/v1/projects/abacusace-mmnqw/serviceAccounts/abacusace-mmnqw@appspot.gserviceaccount.com:testIamPermissions {"error":{"code":404,"message":"Unknown service account","status":"NOT_FOUND"}}
[debug] [2026-05-29T11:02:20.045Z] [functions] service account IAM check errored, deploy may fail: Request to https://iam.googleapis.com/v1/projects/abacusace-mmnqw/serviceAccounts/abacusace-mmnqw@appspot.gserviceaccount.com:testIamPermissions had HTTP Error: 404, Unknown service account {"name":"FirebaseError","children":[],"context":{"body":{"error":{"code":404,"message":"Unknown service account","status":"NOT_FOUND"}},"response":{"statusCode":404}},"exit":1,"message":"Request to https://iam.googleapis.com/v1/projects/abacusace-mmnqw/serviceAccounts/abacusace-mmnqw@appspot.gserviceaccount.com:testIamPermissions had HTTP Error: 404, Unknown service account","status":404}
[info] 
[info] === Deploying to 'abacusace-mmnqw'...
[info] 
[info] i  deploying functions 
[info] +  functions: Finished running predeploy script. 
[debug] [2026-05-29T11:02:20.067Z] Checked if tokens are valid: true, expires at: 1780056135870
[debug] [2026-05-29T11:02:20.068Z] Checked if tokens are valid: true, expires at: 1780056135870
[debug] [2026-05-29T11:02:20.068Z] >>> [apiv2][query] GET https://cloudresourcemanager.googleapis.com/v1/projects/abacusace-mmnqw [none]
[debug] [2026-05-29T11:02:20.364Z] <<< [apiv2][status] GET https://cloudresourcemanager.googleapis.com/v1/projects/abacusace-mmnqw 200
[debug] [2026-05-29T11:02:20.365Z] <<< [apiv2][body] GET https://cloudresourcemanager.googleapis.com/v1/projects/abacusace-mmnqw {"projectNumber":"937539932258","projectId":"abacusace-mmnqw","lifecycleState":"ACTIVE","name":"AbacusAce","labels":{"monospace-workspace-id":"studio-1605309290","firebase":"enabled","firebase-core":"disabled"},"createTime":"2025-08-08T08:36:01.640040Z"}
[info] i  functions: preparing codebase default for deployment 
[info] i  functions: ensuring required API cloudfunctions.googleapis.com is enabled... 
[info] i  functions: ensuring required API cloudbuild.googleapis.com is enabled... 
[info] i  artifactregistry: ensuring required API artifactregistry.googleapis.com is enabled... 
[debug] [2026-05-29T11:02:20.369Z] Checked if tokens are valid: true, expires at: 1780056135870
[debug] [2026-05-29T11:02:20.369Z] Checked if tokens are valid: true, expires at: 1780056135870
[debug] [2026-05-29T11:02:20.369Z] >>> [apiv2][query] GET https://firebase.googleapis.com/v1beta1/projects/abacusace-mmnqw/adminSdkConfig [none]
[debug] [2026-05-29T11:02:21.180Z] <<< [apiv2][status] GET https://firebase.googleapis.com/v1beta1/projects/abacusace-mmnqw/adminSdkConfig 200
[debug] [2026-05-29T11:02:21.181Z] <<< [apiv2][body] GET https://firebase.googleapis.com/v1beta1/projects/abacusace-mmnqw/adminSdkConfig {"projectId":"abacusace-mmnqw","storageBucket":"abacusace-mmnqw.firebasestorage.app"}
[debug] [2026-05-29T11:02:21.182Z] Checked if tokens are valid: true, expires at: 1780056135870
[debug] [2026-05-29T11:02:21.182Z] Checked if tokens are valid: true, expires at: 1780056135870
[debug] [2026-05-29T11:02:21.182Z] >>> [apiv2][query] GET https://runtimeconfig.googleapis.com/v1beta1/projects/abacusace-mmnqw/configs [none]
[debug] [2026-05-29T11:02:22.545Z] <<< [apiv2][status] GET https://runtimeconfig.googleapis.com/v1beta1/projects/abacusace-mmnqw/configs 200
[debug] [2026-05-29T11:02:22.545Z] <<< [apiv2][body] GET https://runtimeconfig.googleapis.com/v1beta1/projects/abacusace-mmnqw/configs {"configs":[{"name":"projects/abacusace-mmnqw/configs/razorpay"},{"name":"projects/abacusace-mmnqw/configs/webhook"}]}
[debug] [2026-05-29T11:02:22.546Z] Checked if tokens are valid: true, expires at: 1780056135870
[debug] [2026-05-29T11:02:22.546Z] Checked if tokens are valid: true, expires at: 1780056135870
[debug] [2026-05-29T11:02:22.546Z] Checked if tokens are valid: true, expires at: 1780056135870
[debug] [2026-05-29T11:02:22.546Z] Checked if tokens are valid: true, expires at: 1780056135870
[debug] [2026-05-29T11:02:22.547Z] >>> [apiv2][query] GET https://runtimeconfig.googleapis.com/v1beta1/projects/abacusace-mmnqw/configs/razorpay/variables [none]
[debug] [2026-05-29T11:02:22.548Z] >>> [apiv2][query] GET https://runtimeconfig.googleapis.com/v1beta1/projects/abacusace-mmnqw/configs/webhook/variables [none]
[debug] [2026-05-29T11:02:22.885Z] <<< [apiv2][status] GET https://runtimeconfig.googleapis.com/v1beta1/projects/abacusace-mmnqw/configs/razorpay/variables 200
[debug] [2026-05-29T11:02:22.885Z] <<< [apiv2][body] GET https://runtimeconfig.googleapis.com/v1beta1/projects/abacusace-mmnqw/configs/razorpay/variables {"variables":[{"name":"projects/abacusace-mmnqw/configs/razorpay/variables/webhook_secret","updateTime":"2025-11-05T15:29:50.283276144Z"},{"name":"projects/abacusace-mmnqw/configs/razorpay/variables/key_id","updateTime":"2025-11-28T09:42:10.980983877Z"},{"name":"projects/abacusace-mmnqw/configs/razorpay/variables/key_secret","updateTime":"2025-11-28T09:42:09.724476345Z"},{"name":"projects/abacusace-mmnqw/configs/razorpay/variables/secret","updateTime":"2025-10-03T15:13:21.685333850Z"}]}
[debug] [2026-05-29T11:02:22.886Z] Checked if tokens are valid: true, expires at: 1780056135870
[debug] [2026-05-29T11:02:22.887Z] Checked if tokens are valid: true, expires at: 1780056135870
[debug] [2026-05-29T11:02:22.887Z] Checked if tokens are valid: true, expires at: 1780056135870
[debug] [2026-05-29T11:02:22.887Z] Checked if tokens are valid: true, expires at: 1780056135870
[debug] [2026-05-29T11:02:22.887Z] Checked if tokens are valid: true, expires at: 1780056135870
[debug] [2026-05-29T11:02:22.887Z] Checked if tokens are valid: true, expires at: 1780056135870
[debug] [2026-05-29T11:02:22.888Z] Checked if tokens are valid: true, expires at: 1780056135870
[debug] [2026-05-29T11:02:22.888Z] Checked if tokens are valid: true, expires at: 1780056135870
[debug] [2026-05-29T11:02:22.888Z] >>> [apiv2][query] GET https://runtimeconfig.googleapis.com/v1beta1/projects/abacusace-mmnqw/configs/razorpay/variables/webhook_secret [none]
[debug] [2026-05-29T11:02:22.890Z] >>> [apiv2][query] GET https://runtimeconfig.googleapis.com/v1beta1/projects/abacusace-mmnqw/configs/razorpay/variables/key_id [none]
[debug] [2026-05-29T11:02:22.893Z] >>> [apiv2][query] GET https://runtimeconfig.googleapis.com/v1beta1/projects/abacusace-mmnqw/configs/razorpay/variables/key_secret [none]
[debug] [2026-05-29T11:02:22.896Z] >>> [apiv2][query] GET https://runtimeconfig.googleapis.com/v1beta1/projects/abacusace-mmnqw/configs/razorpay/variables/secret [none]
[debug] [2026-05-29T11:02:23.090Z] <<< [apiv2][status] GET https://runtimeconfig.googleapis.com/v1beta1/projects/abacusace-mmnqw/configs/webhook/variables 200
[debug] [2026-05-29T11:02:23.090Z] <<< [apiv2][body] GET https://runtimeconfig.googleapis.com/v1beta1/projects/abacusace-mmnqw/configs/webhook/variables {"variables":[{"name":"projects/abacusace-mmnqw/configs/webhook/variables/secret","updateTime":"2025-11-28T09:42:12.119825855Z"}]}
[debug] [2026-05-29T11:02:23.091Z] Checked if tokens are valid: true, expires at: 1780056135870
[debug] [2026-05-29T11:02:23.091Z] Checked if tokens are valid: true, expires at: 1780056135870
[debug] [2026-05-29T11:02:23.091Z] >>> [apiv2][query] GET https://runtimeconfig.googleapis.com/v1beta1/projects/abacusace-mmnqw/configs/webhook/variables/secret [none]
[debug] [2026-05-29T11:02:23.264Z] <<< [apiv2][status] GET https://runtimeconfig.googleapis.com/v1beta1/projects/abacusace-mmnqw/configs/razorpay/variables/key_id 200
[debug] [2026-05-29T11:02:23.265Z] <<< [apiv2][body] GET https://runtimeconfig.googleapis.com/v1beta1/projects/abacusace-mmnqw/configs/razorpay/variables/key_id {"name":"projects/abacusace-mmnqw/configs/razorpay/variables/key_id","updateTime":"2025-11-28T09:42:10.980983877Z","text":"<rzp_live_RHlaNY12361oO5>"}
[debug] [2026-05-29T11:02:23.284Z] <<< [apiv2][status] GET https://runtimeconfig.googleapis.com/v1beta1/projects/abacusace-mmnqw/configs/razorpay/variables/secret 200
[debug] [2026-05-29T11:02:23.284Z] <<< [apiv2][body] GET https://runtimeconfig.googleapis.com/v1beta1/projects/abacusace-mmnqw/configs/razorpay/variables/secret {"name":"projects/abacusace-mmnqw/configs/razorpay/variables/secret","updateTime":"2025-10-03T15:13:21.685333850Z","text":"Fq3gqtu8QdIe669gxlJv9aIt"}
[debug] [2026-05-29T11:02:23.669Z] <<< [apiv2][status] GET https://runtimeconfig.googleapis.com/v1beta1/projects/abacusace-mmnqw/configs/razorpay/variables/key_secret 200
[debug] [2026-05-29T11:02:23.669Z] <<< [apiv2][body] GET https://runtimeconfig.googleapis.com/v1beta1/projects/abacusace-mmnqw/configs/razorpay/variables/key_secret {"name":"projects/abacusace-mmnqw/configs/razorpay/variables/key_secret","updateTime":"2025-11-28T09:42:09.724476345Z","text":"<Fq3gqtu8QdIe669gxlJv9aIt>"}
[debug] [2026-05-29T11:02:24.111Z] <<< [apiv2][status] GET https://runtimeconfig.googleapis.com/v1beta1/projects/abacusace-mmnqw/configs/razorpay/variables/webhook_secret 200
[debug] [2026-05-29T11:02:24.111Z] <<< [apiv2][body] GET https://runtimeconfig.googleapis.com/v1beta1/projects/abacusace-mmnqw/configs/razorpay/variables/webhook_secret {"name":"projects/abacusace-mmnqw/configs/razorpay/variables/webhook_secret","updateTime":"2025-11-05T15:29:50.283276144Z","text":"jBVrvY@2sWkz99w"}
[debug] [2026-05-29T11:02:24.248Z] <<< [apiv2][status] GET https://runtimeconfig.googleapis.com/v1beta1/projects/abacusace-mmnqw/configs/webhook/variables/secret 200
[debug] [2026-05-29T11:02:24.248Z] <<< [apiv2][body] GET https://runtimeconfig.googleapis.com/v1beta1/projects/abacusace-mmnqw/configs/webhook/variables/secret {"name":"projects/abacusace-mmnqw/configs/webhook/variables/secret","updateTime":"2025-11-28T09:42:12.119825855Z","text":"<jBVrvY@2sWkz99w>"}
[debug] [2026-05-29T11:02:24.251Z] Validating nodejs source
[debug] [2026-05-29T11:02:28.179Z] > [functions] package.json contents: {
  "name": "functions",
  "description": "Cloud Functions for Firebase",
  "scripts": {
    "serve": "firebase emulators:start --only functions",
    "shell": "firebase functions:shell",
    "start": "npm run shell",
    "deploy": "firebase deploy --only functions",
    "logs": "firebase functions:log"
  },
  "engines": {
    "node": "22"
  },
  "main": "index.js",
  "dependencies": {
    "firebase-admin": "^13.1.0",
    "firebase-functions": "^7.1.0",
    "razorpay": "^2.9.4",
    "crypto": "^1.0.1",
    "nodemailer": "^6.10.0",
    "uuid": "^11.0.0"
  },
  "devDependencies": {
    "eslint": "^8.15.0",
    "eslint-config-google": "^0.14.0",
    "firebase-functions-test": "^3.1.0"
  },
  "private": true
}
[debug] [2026-05-29T11:02:28.180Z] Building nodejs source
[info] i  functions: Loading and analyzing source code for codebase default to determine what to deploy 
[debug] [2026-05-29T11:02:28.183Z] Could not find functions.yaml. Must use http discovery
[debug] [2026-05-29T11:02:28.238Z] Found firebase-functions binary at 'G:\Smaartus Abacus Classes\My Abacus Pro\project\functions\node_modules\.bin\firebase-functions'
[info] Serving at port 8043

[debug] [2026-05-29T11:02:31.583Z] Got response from /__/functions.yaml {"endpoints":{"resetWeeklyPoints":{"availableMemoryMb":1024,"timeoutSeconds":540,"minInstances":null,"maxInstances":10,"ingressSettings":null,"concurrency":null,"serviceAccountEmail":null,"vpc":null,"platform":"gcfv2","region":["us-central1"],"secretEnvironmentVariables":[{"key":"GMAIL_APP_PASSWORD"}],"labels":{},"scheduleTrigger":{"schedule":"0 0 * * 1","retryConfig":{}},"entryPoint":"resetWeeklyPoints"},"resetMonthlyPoints":{"availableMemoryMb":1024,"timeoutSeconds":540,"minInstances":null,"maxInstances":10,"ingressSettings":null,"concurrency":null,"serviceAccountEmail":null,"vpc":null,"platform":"gcfv2","region":["us-central1"],"secretEnvironmentVariables":[{"key":"GMAIL_APP_PASSWORD"}],"labels":{},"scheduleTrigger":{"schedule":"0 0 1 * *","retryConfig":{}},"entryPoint":"resetMonthlyPoints"},"dailyBirthdayWish":{"availableMemoryMb":1024,"timeoutSeconds":540,"minInstances":null,"maxInstances":10,"ingressSettings":null,"concurrency":null,"serviceAccountEmail":null,"vpc":null,"platform":"gcfv2","region":["us-central1"],"secretEnvironmentVariables":[{"key":"GMAIL_APP_PASSWORD"}],"labels":{},"scheduleTrigger":{"schedule":"0 9 * * *","retryConfig":{}},"entryPoint":"dailyBirthdayWish"},"manualResetWeekly":{"availableMemoryMb":1024,"timeoutSeconds":540,"minInstances":null,"maxInstances":10,"ingressSettings":null,"concurrency":null,"serviceAccountEmail":null,"vpc":null,"platform":"gcfv2","region":["us-central1"],"secretEnvironmentVariables":[{"key":"GMAIL_APP_PASSWORD"}],"labels":{},"callableTrigger":{},"entryPoint":"manualResetWeekly"},"manualResetMonthly":{"availableMemoryMb":1024,"timeoutSeconds":540,"minInstances":null,"maxInstances":10,"ingressSettings":null,"concurrency":null,"serviceAccountEmail":null,"vpc":null,"platform":"gcfv2","region":["us-central1"],"secretEnvironmentVariables":[{"key":"GMAIL_APP_PASSWORD"}],"labels":{},"callableTrigger":{},"entryPoint":"manualResetMonthly"},"forceDeclareWinner":{"availableMemoryMb":1024,"timeoutSeconds":540,"minInstances":null,"maxInstances":10,"ingressSettings":null,"concurrency":null,"serviceAccountEmail":null,"vpc":null,"platform":"gcfv2","region":["us-central1"],"secretEnvironmentVariables":[{"key":"GMAIL_APP_PASSWORD"}],"labels":{},"callableTrigger":{},"entryPoint":"forceDeclareWinner"},"resetExamCycle":{"availableMemoryMb":1024,"timeoutSeconds":540,"minInstances":null,"maxInstances":10,"ingressSettings":null,"concurrency":null,"serviceAccountEmail":null,"vpc":null,"platform":"gcfv2","region":["us-central1"],"labels":{},"callableTrigger":{},"entryPoint":"resetExamCycle"},"declareOfficialResults":{"availableMemoryMb":1024,"timeoutSeconds":540,"minInstances":null,"maxInstances":10,"ingressSettings":null,"concurrency":null,"serviceAccountEmail":null,"vpc":null,"platform":"gcfv2","region":["us-central1"],"labels":{},"callableTrigger":{},"entryPoint":"declareOfficialResults"},"applyToExam":{"availableMemoryMb":1024,"timeoutSeconds":540,"minInstances":null,"maxInstances":10,"ingressSettings":null,"concurrency":null,"serviceAccountEmail":null,"vpc":null,"platform":"gcfv2","region":["us-central1"],"labels":{},"callableTrigger":{},"entryPoint":"applyToExam"},"updateExamSchedule":{"availableMemoryMb":1024,"timeoutSeconds":540,"minInstances":null,"maxInstances":10,"ingressSettings":null,"concurrency":null,"serviceAccountEmail":null,"vpc":null,"platform":"gcfv2","region":["us-central1"],"labels":{},"callableTrigger":{},"entryPoint":"updateExamSchedule"}},"specVersion":"v1alpha1","requiredAPIs":[{"api":"cloudscheduler.googleapis.com","reason":"Needed for scheduled functions."}],"extensions":{}}
[debug] [2026-05-29T11:02:35.686Z] Checked if tokens are valid: true, expires at: 1780056135870
[debug] [2026-05-29T11:02:35.687Z] Checked if tokens are valid: true, expires at: 1780056135870
[debug] [2026-05-29T11:02:35.687Z] >>> [apiv2][query] GET https://cloudfunctions.googleapis.com/v1/projects/abacusace-mmnqw/locations/-/functions [none]
[debug] [2026-05-29T11:02:36.526Z] <<< [apiv2][status] GET https://cloudfunctions.googleapis.com/v1/projects/abacusace-mmnqw/locations/-/functions 200
[debug] [2026-05-29T11:02:36.526Z] <<< [apiv2][body] GET https://cloudfunctions.googleapis.com/v1/projects/abacusace-mmnqw/locations/-/functions {}
[debug] [2026-05-29T11:02:36.527Z] Checked if tokens are valid: true, expires at: 1780056135870
[debug] [2026-05-29T11:02:36.528Z] Checked if tokens are valid: true, expires at: 1780056135870
[debug] [2026-05-29T11:02:36.529Z] >>> [apiv2][query] GET https://cloudfunctions.googleapis.com/v2/projects/abacusace-mmnqw/locations/-/functions filter=environment%3D%22GEN_2%22
[debug] [2026-05-29T11:02:37.362Z] <<< [apiv2][status] GET https://cloudfunctions.googleapis.com/v2/projects/abacusace-mmnqw/locations/-/functions 200
[debug] [2026-05-29T11:02:37.363Z] <<< [apiv2][body] GET https://cloudfunctions.googleapis.com/v2/projects/abacusace-mmnqw/locations/-/functions {"functions":[{"name":"projects/abacusace-mmnqw/locations/us-central1/functions/createRazorpaySubscription","buildConfig":{"build":"projects/937539932258/locations/us-central1/builds/9cfc73d6-541f-4a25-b886-8b4256499544","runtime":"nodejs20","entryPoint":"createRazorpaySubscription","source":{"storageSource":{"bucket":"gcf-v2-sources-937539932258-us-central1","object":"createRazorpaySubscription/function-source.zip","generation":"1770048716634435"}},"environmentVariables":{"GOOGLE_NODE_RUN_SCRIPTS":""},"dockerRepository":"projects/abacusace-mmnqw/locations/us-central1/repositories/gcf-artifacts","sourceProvenance":{"resolvedStorageSource":{"bucket":"gcf-v2-sources-937539932258-us-central1","object":"createRazorpaySubscription/function-source.zip","generation":"1770048716634435"}},"dockerRegistry":"ARTIFACT_REGISTRY","serviceAccount":"projects/abacusace-mmnqw/serviceAccounts/937539932258-compute@developer.gserviceaccount.com","automaticUpdatePolicy":{}},"serviceConfig":{"service":"projects/abacusace-mmnqw/locations/us-central1/services/createrazorpaysubscription","timeoutSeconds":60,"environmentVariables":{"RAZORPAY_KEY_ID":"rzp_live_S88R4vc04AHiot","RAZORPAY_KEY_SECRET":"NpqGpsHoxstwUJ9yQw3b82Iw","RAZORPAY_WEBHOOK_SECRET":"auTnpW@78sWkz99w","FIREBASE_CONFIG":"{\"projectId\":\"abacusace-mmnqw\",\"storageBucket\":\"abacusace-mmnqw.firebasestorage.app\"}","GCLOUD_PROJECT":"abacusace-mmnqw","EVENTARC_CLOUD_EVENT_SOURCE":"projects/abacusace-mmnqw/locations/us-central1/services/createRazorpaySubscription","FUNCTION_TARGET":"createRazorpaySubscription","LOG_EXECUTION_ID":"true","FUNCTION_SIGNATURE_TYPE":"http"},"maxInstanceCount":10,"ingressSettings":"ALLOW_ALL","uri":"https://createrazorpaysubscription-jr7yyxvyba-uc.a.run.app","serviceAccountEmail":"937539932258-compute@developer.gserviceaccount.com","availableMemory":"256Mi","allTrafficOnLatestRevision":true,"maxInstanceRequestConcurrency":80,"availableCpu":"1000m"},"state":"ACTIVE","updateTime":"2026-02-02T16:12:23.378922118Z","labels":{"firebase-functions-hash":"e5e1198e9f0b6c9e3f3faeca18a75038d91b0e0a","deployment-tool":"cli-firebase","deployment-callable":"true"},"environment":"GEN_2","url":"https://us-central1-abacusace-mmnqw.cloudfunctions.net/createRazorpaySubscription","createTime":"2025-11-15T15:23:08.652293016Z","satisfiesPzi":true},{"name":"projects/abacusace-mmnqw/locations/us-central1/functions/createOneTimeOrder","buildConfig":{"build":"projects/937539932258/locations/us-central1/builds/9cfc73d6-541f-4a25-b886-8b4256499544","runtime":"nodejs20","entryPoint":"createOneTimeOrder","source":{"storageSource":{"bucket":"gcf-v2-sources-937539932258-us-central1","object":"createOneTimeOrder/function-source.zip","generation":"1770048716571985"}},"environmentVariables":{"GOOGLE_NODE_RUN_SCRIPTS":""},"dockerRepository":"projects/abacusace-mmnqw/locations/us-central1/repositories/gcf-artifacts","sourceProvenance":{"resolvedStorageSource":{"bucket":"gcf-v2-sources-937539932258-us-central1","object":"createOneTimeOrder/function-source.zip","generation":"1770048716571985"}},"dockerRegistry":"ARTIFACT_REGISTRY","serviceAccount":"projects/abacusace-mmnqw/serviceAccounts/937539932258-compute@developer.gserviceaccount.com","automaticUpdatePolicy":{}},"serviceConfig":{"service":"projects/abacusace-mmnqw/locations/us-central1/services/createonetimeorder","timeoutSeconds":60,"environmentVariables":{"RAZORPAY_KEY_ID":"rzp_live_S88R4vc04AHiot","RAZORPAY_KEY_SECRET":"NpqGpsHoxstwUJ9yQw3b82Iw","RAZORPAY_WEBHOOK_SECRET":"auTnpW@78sWkz99w","FIREBASE_CONFIG":"{\"projectId\":\"abacusace-mmnqw\",\"storageBucket\":\"abacusace-mmnqw.firebasestorage.app\"}","GCLOUD_PROJECT":"abacusace-mmnqw","EVENTARC_CLOUD_EVENT_SOURCE":"projects/abacusace-mmnqw/locations/us-central1/services/createOneTimeOrder","FUNCTION_TARGET":"createOneTimeOrder","LOG_EXECUTION_ID":"true","FUNCTION_SIGNATURE_TYPE":"http"},"maxInstanceCount":10,"ingressSettings":"ALLOW_ALL","uri":"https://createonetimeorder-jr7yyxvyba-uc.a.run.app","serviceAccountEmail":"937539932258-compute@developer.gserviceaccount.com","availableMemory":"256Mi","allTrafficOnLatestRevision":true,"revision":"createonetimeorder-00012-zuc","maxInstanceRequestConcurrency":80,"availableCpu":"1"},"state":"ACTIVE","updateTime":"2026-02-02T16:12:24.424173913Z","labels":{"deployment-callable":"true","firebase-functions-hash":"e5e1198e9f0b6c9e3f3faeca18a75038d91b0e0a","deployment-tool":"cli-firebase"},"environment":"GEN_2","url":"https://us-central1-abacusace-mmnqw.cloudfunctions.net/createOneTimeOrder","createTime":"2026-01-22T10:17:05.406639690Z","satisfiesPzi":true},{"name":"projects/abacusace-mmnqw/locations/us-central1/functions/updateUserProfile","buildConfig":{"build":"projects/937539932258/locations/us-central1/builds/9cfc73d6-541f-4a25-b886-8b4256499544","runtime":"nodejs20","entryPoint":"updateUserProfile","source":{"storageSource":{"bucket":"gcf-v2-sources-937539932258-us-central1","object":"updateUserProfile/function-source.zip","generation":"1770048716777883"}},"environmentVariables":{"GOOGLE_NODE_RUN_SCRIPTS":""},"dockerRepository":"projects/abacusace-mmnqw/locations/us-central1/repositories/gcf-artifacts","sourceProvenance":{"resolvedStorageSource":{"bucket":"gcf-v2-sources-937539932258-us-central1","object":"updateUserProfile/function-source.zip","generation":"1770048716777883"}},"dockerRegistry":"ARTIFACT_REGISTRY","serviceAccount":"projects/abacusace-mmnqw/serviceAccounts/937539932258-compute@developer.gserviceaccount.com","automaticUpdatePolicy":{}},"serviceConfig":{"service":"projects/abacusace-mmnqw/locations/us-central1/services/updateuserprofile","timeoutSeconds":60,"environmentVariables":{"RAZORPAY_KEY_ID":"rzp_live_S88R4vc04AHiot","RAZORPAY_KEY_SECRET":"NpqGpsHoxstwUJ9yQw3b82Iw","RAZORPAY_WEBHOOK_SECRET":"auTnpW@78sWkz99w","FIREBASE_CONFIG":"{\"projectId\":\"abacusace-mmnqw\",\"storageBucket\":\"abacusace-mmnqw.firebasestorage.app\"}","GCLOUD_PROJECT":"abacusace-mmnqw","EVENTARC_CLOUD_EVENT_SOURCE":"projects/abacusace-mmnqw/locations/us-central1/services/updateUserProfile","FUNCTION_TARGET":"updateUserProfile","LOG_EXECUTION_ID":"true","FUNCTION_SIGNATURE_TYPE":"http"},"maxInstanceCount":10,"ingressSettings":"ALLOW_ALL","uri":"https://updateuserprofile-jr7yyxvyba-uc.a.run.app","serviceAccountEmail":"937539932258-compute@developer.gserviceaccount.com","availableMemory":"256Mi","allTrafficOnLatestRevision":true,"revision":"updateuserprofile-00035-hoj","maxInstanceRequestConcurrency":80,"availableCpu":"1"},"state":"ACTIVE","updateTime":"2026-02-02T16:12:23.271180Z","labels":{"deployment-tool":"cli-firebase","deployment-callable":"true","firebase-functions-hash":"e5e1198e9f0b6c9e3f3faeca18a75038d91b0e0a"},"environment":"GEN_2","url":"https://us-central1-abacusace-mmnqw.cloudfunctions.net/updateUserProfile","createTime":"2025-11-15T15:24:07.340171409Z","satisfiesPzi":true},{"name":"projects/abacusace-mmnqw/locations/us-central1/functions/ssrabacusacemmnqw","buildConfig":{"build":"projects/937539932258/locations/us-central1/builds/30137a78-015b-442a-92de-d1bf51e61835","runtime":"nodejs22","entryPoint":"ssrabacusacemmnqw","source":{"storageSource":{"bucket":"gcf-v2-sources-937539932258-us-central1","object":"ssrabacusacemmnqw/function-source.zip","generation":"1770392109781171"}},"environmentVariables":{"GOOGLE_NODE_RUN_SCRIPTS":""},"dockerRepository":"projects/abacusace-mmnqw/locations/us-central1/repositories/gcf-artifacts","sourceProvenance":{"resolvedStorageSource":{"bucket":"gcf-v2-sources-937539932258-us-central1","object":"ssrabacusacemmnqw/function-source.zip","generation":"1770392109781171"}},"dockerRegistry":"ARTIFACT_REGISTRY","serviceAccount":"projects/abacusace-mmnqw/serviceAccounts/937539932258-compute@developer.gserviceaccount.com","automaticUpdatePolicy":{}},"serviceConfig":{"service":"projects/abacusace-mmnqw/locations/us-central1/services/ssrabacusacemmnqw","timeoutSeconds":60,"environmentVariables":{"VERCEL_URL":"abacusace-mmnqw.web.app","__FIREBASE_FRAMEWORKS_ENTRY__":"next.js","__FIREBASE_DEFAULTS__":"{\"config\":{\"projectId\":\"abacusace-mmnqw\",\"appId\":\"1:937539932258:web:55fe45cb88a03298e1013b\",\"storageBucket\":\"abacusace-mmnqw.firebasestorage.app\",\"apiKey\":\"AIzaSyCMhxzeh_qZM8MC8_3Nq_hPbmwuqIwyCjY\",\"authDomain\":\"abacusace-mmnqw.firebaseapp.com\",\"messagingSenderId\":\"937539932258\",\"projectNumber\":\"937539932258\",\"version\":\"2\"},\"_authTokenSyncURL\":\"/__session\"}","FIREBASE_CONFIG":"{\"projectId\":\"abacusace-mmnqw\",\"storageBucket\":\"abacusace-mmnqw.firebasestorage.app\"}","GCLOUD_PROJECT":"abacusace-mmnqw","EVENTARC_CLOUD_EVENT_SOURCE":"projects/abacusace-mmnqw/locations/us-central1/services/ssrabacusacemmnqw","FUNCTION_TARGET":"ssrabacusacemmnqw","LOG_EXECUTION_ID":"true"},"maxInstanceCount":20,"ingressSettings":"ALLOW_ALL","uri":"https://ssrabacusacemmnqw-jr7yyxvyba-uc.a.run.app","serviceAccountEmail":"937539932258-compute@developer.gserviceaccount.com","availableMemory":"256Mi","allTrafficOnLatestRevision":true,"maxInstanceRequestConcurrency":80,"availableCpu":"1000m"},"state":"ACTIVE","updateTime":"2026-02-06T15:38:27.780649044Z","labels":{"deployment-tool":"cli-firebase","firebase-functions-codebase":"firebase-frameworks-abacusace-mmnqw","firebase-functions-hash":"c71274b26c98387f8c0818c06d68f6068d873fe4"},"environment":"GEN_2","url":"https://us-central1-abacusace-mmnqw.cloudfunctions.net/ssrabacusacemmnqw","createTime":"2026-02-02T16:09:11.539599083Z","satisfiesPzi":true},{"name":"projects/abacusace-mmnqw/locations/us-central1/functions/razorpaywebhook","buildConfig":{"build":"projects/937539932258/locations/us-central1/builds/9cfc73d6-541f-4a25-b886-8b4256499544","runtime":"nodejs20","entryPoint":"razorpaywebhook","source":{"storageSource":{"bucket":"gcf-v2-sources-937539932258-us-central1","object":"razorpaywebhook/function-source.zip","generation":"1770048551991726"}},"environmentVariables":{"GOOGLE_NODE_RUN_SCRIPTS":""},"dockerRepository":"projects/abacusace-mmnqw/locations/us-central1/repositories/gcf-artifacts","sourceProvenance":{"resolvedStorageSource":{"bucket":"gcf-v2-sources-937539932258-us-central1","object":"razorpaywebhook/function-source.zip","generation":"1770048551991726"}},"dockerRegistry":"ARTIFACT_REGISTRY","serviceAccount":"projects/abacusace-mmnqw/serviceAccounts/937539932258-compute@developer.gserviceaccount.com","automaticUpdatePolicy":{}},"serviceConfig":{"service":"projects/abacusace-mmnqw/locations/us-central1/services/razorpaywebhook","timeoutSeconds":60,"environmentVariables":{"RAZORPAY_KEY_ID":"rzp_live_S88R4vc04AHiot","RAZORPAY_KEY_SECRET":"NpqGpsHoxstwUJ9yQw3b82Iw","RAZORPAY_WEBHOOK_SECRET":"auTnpW@78sWkz99w","FIREBASE_CONFIG":"{\"projectId\":\"abacusace-mmnqw\",\"storageBucket\":\"abacusace-mmnqw.firebasestorage.app\"}","GCLOUD_PROJECT":"abacusace-mmnqw","EVENTARC_CLOUD_EVENT_SOURCE":"projects/abacusace-mmnqw/locations/us-central1/services/razorpaywebhook","FUNCTION_TARGET":"razorpaywebhook","LOG_EXECUTION_ID":"true"},"maxInstanceCount":10,"ingressSettings":"ALLOW_ALL","uri":"https://razorpaywebhook-jr7yyxvyba-uc.a.run.app","serviceAccountEmail":"937539932258-compute@developer.gserviceaccount.com","availableMemory":"256Mi","allTrafficOnLatestRevision":true,"revision":"razorpaywebhook-00046-nak","maxInstanceRequestConcurrency":1,"availableCpu":"0.1666"},"state":"ACTIVE","updateTime":"2026-02-02T16:12:25.033632985Z","labels":{"deployment-tool":"cli-gcloud","firebase-functions-hash":"e5e1198e9f0b6c9e3f3faeca18a75038d91b0e0a"},"environment":"GEN_2","url":"https://us-central1-abacusace-mmnqw.cloudfunctions.net/razorpaywebhook","createTime":"2025-11-12T06:56:34.195550562Z","satisfiesPzi":true}]}
[info] i  extensions: ensuring required API firebaseextensions.googleapis.com is enabled... 
[debug] [2026-05-29T11:02:37.366Z] > command requires scopes: ["email","openid","https://www.googleapis.com/auth/cloudplatformprojects.readonly","https://www.googleapis.com/auth/firebase","https://www.googleapis.com/auth/cloud-platform"]
[debug] [2026-05-29T11:02:37.366Z] > authorizing via signed-in user (scm098@gmail.com)
[debug] [2026-05-29T11:02:37.366Z] [iam] checking project abacusace-mmnqw for permissions ["firebase.projects.get","firebaseextensions.instances.list"]
[debug] [2026-05-29T11:02:37.367Z] Checked if tokens are valid: true, expires at: 1780056135870
[debug] [2026-05-29T11:02:37.367Z] Checked if tokens are valid: true, expires at: 1780056135870
[debug] [2026-05-29T11:02:37.367Z] >>> [apiv2][query] POST https://cloudresourcemanager.googleapis.com/v1/projects/abacusace-mmnqw:testIamPermissions [none]
[debug] [2026-05-29T11:02:37.367Z] >>> [apiv2][(partial)header] POST https://cloudresourcemanager.googleapis.com/v1/projects/abacusace-mmnqw:testIamPermissions  x-goog-user-project=abacusace-mmnqw
[debug] [2026-05-29T11:02:37.367Z] >>> [apiv2][body] POST https://cloudresourcemanager.googleapis.com/v1/projects/abacusace-mmnqw:testIamPermissions {"permissions":["firebase.projects.get","firebaseextensions.instances.list"]}
[debug] [2026-05-29T11:02:38.727Z] <<< [apiv2][status] POST https://cloudresourcemanager.googleapis.com/v1/projects/abacusace-mmnqw:testIamPermissions 200
[debug] [2026-05-29T11:02:38.727Z] <<< [apiv2][body] POST https://cloudresourcemanager.googleapis.com/v1/projects/abacusace-mmnqw:testIamPermissions {"permissions":["firebase.projects.get","firebaseextensions.instances.list"]}
[debug] [2026-05-29T11:02:38.728Z] Checked if tokens are valid: true, expires at: 1780056135870
[debug] [2026-05-29T11:02:38.728Z] Checked if tokens are valid: true, expires at: 1780056135870
[debug] [2026-05-29T11:02:38.728Z] >>> [apiv2][query] GET https://firebaseextensions.googleapis.com/v1beta/projects/abacusace-mmnqw/instances pageSize=100&pageToken=
[debug] [2026-05-29T11:02:40.360Z] <<< [apiv2][status] GET https://firebaseextensions.googleapis.com/v1beta/projects/abacusace-mmnqw/instances 200
[debug] [2026-05-29T11:02:40.360Z] <<< [apiv2][body] GET https://firebaseextensions.googleapis.com/v1beta/projects/abacusace-mmnqw/instances {}
[info] i  functions: Loaded environment variables from .env. 
[info] i  functions: preparing functions directory for uploading... 
[info] i  functions: packaged G:\Smaartus Abacus Classes\My Abacus Pro\project\functions (88.06 KB) for uploading 
[info] i  functions: ensuring required API cloudscheduler.googleapis.com is enabled... 
[debug] [2026-05-29T11:02:40.485Z] Checked if tokens are valid: true, expires at: 1780056135870
[debug] [2026-05-29T11:02:40.485Z] Checked if tokens are valid: true, expires at: 1780056135870
[debug] [2026-05-29T11:02:40.485Z] >>> [apiv2][query] GET https://serviceusage.googleapis.com/v1/projects/937539932258/services/cloudscheduler.googleapis.com [none]
[debug] [2026-05-29T11:02:40.485Z] >>> [apiv2][(partial)header] GET https://serviceusage.googleapis.com/v1/projects/937539932258/services/cloudscheduler.googleapis.com  x-goog-user-project=937539932258
[debug] [2026-05-29T11:02:42.245Z] <<< [apiv2][status] GET https://serviceusage.googleapis.com/v1/projects/937539932258/services/cloudscheduler.googleapis.com 200
[debug] [2026-05-29T11:02:42.245Z] <<< [apiv2][body] GET https://serviceusage.googleapis.com/v1/projects/937539932258/services/cloudscheduler.googleapis.com [omitted]
[info] +  functions: required API cloudscheduler.googleapis.com is enabled 
[info] i  functions: ensuring required API run.googleapis.com is enabled... 
[info] i  functions: ensuring required API eventarc.googleapis.com is enabled... 
[info] i  functions: ensuring required API pubsub.googleapis.com is enabled... 
[info] i  functions: ensuring required API storage.googleapis.com is enabled... 
[info] i  functions: generating the service identity for pubsub.googleapis.com... 
[debug] [2026-05-29T11:02:42.296Z] Checked if tokens are valid: true, expires at: 1780056135870
[debug] [2026-05-29T11:02:42.296Z] Checked if tokens are valid: true, expires at: 1780056135870
[info] i  functions: generating the service identity for eventarc.googleapis.com... 
[debug] [2026-05-29T11:02:42.296Z] Checked if tokens are valid: true, expires at: 1780056135870
[debug] [2026-05-29T11:02:42.297Z] Checked if tokens are valid: true, expires at: 1780056135870
[debug] [2026-05-29T11:02:42.297Z] >>> [apiv2][query] POST https://serviceusage.googleapis.com/v1beta1/projects/937539932258/services/pubsub.googleapis.com:generateServiceIdentity [none]
[debug] [2026-05-29T11:02:42.297Z] >>> [apiv2][(partial)header] POST https://serviceusage.googleapis.com/v1beta1/projects/937539932258/services/pubsub.googleapis.com:generateServiceIdentity  x-goog-user-project=937539932258
[debug] [2026-05-29T11:02:42.297Z] >>> [apiv2][body] POST https://serviceusage.googleapis.com/v1beta1/projects/937539932258/services/pubsub.googleapis.com:generateServiceIdentity {}
[debug] [2026-05-29T11:02:42.298Z] >>> [apiv2][query] POST https://serviceusage.googleapis.com/v1beta1/projects/937539932258/services/eventarc.googleapis.com:generateServiceIdentity [none]
[debug] [2026-05-29T11:02:42.298Z] >>> [apiv2][(partial)header] POST https://serviceusage.googleapis.com/v1beta1/projects/937539932258/services/eventarc.googleapis.com:generateServiceIdentity  x-goog-user-project=937539932258
[debug] [2026-05-29T11:02:42.298Z] >>> [apiv2][body] POST https://serviceusage.googleapis.com/v1beta1/projects/937539932258/services/eventarc.googleapis.com:generateServiceIdentity {}
[debug] [2026-05-29T11:02:42.796Z] <<< [apiv2][status] POST https://serviceusage.googleapis.com/v1beta1/projects/937539932258/services/pubsub.googleapis.com:generateServiceIdentity 200
[debug] [2026-05-29T11:02:42.796Z] <<< [apiv2][body] POST https://serviceusage.googleapis.com/v1beta1/projects/937539932258/services/pubsub.googleapis.com:generateServiceIdentity {"name":"operations/finished.DONE_OPERATION","done":true,"response":{"@type":"type.googleapis.com/google.api.serviceusage.v1beta1.ServiceIdentity","email":"service-937539932258@gcp-sa-pubsub.iam.gserviceaccount.com","uniqueId":"105473206200643136581"}}
[debug] [2026-05-29T11:02:44.198Z] <<< [apiv2][status] POST https://serviceusage.googleapis.com/v1beta1/projects/937539932258/services/eventarc.googleapis.com:generateServiceIdentity 200
[debug] [2026-05-29T11:02:44.198Z] <<< [apiv2][body] POST https://serviceusage.googleapis.com/v1beta1/projects/937539932258/services/eventarc.googleapis.com:generateServiceIdentity {"name":"operations/finished.DONE_OPERATION","done":true,"response":{"@type":"type.googleapis.com/google.api.serviceusage.v1beta1.ServiceIdentity","email":"service-937539932258@gcp-sa-eventarc.iam.gserviceaccount.com","uniqueId":"107081565756001355970"}}
[info] i  functions: ensuring required API secretmanager.googleapis.com is enabled... 
[debug] [2026-05-29T11:02:44.207Z] Checked if tokens are valid: true, expires at: 1780056135870
[debug] [2026-05-29T11:02:44.208Z] Checked if tokens are valid: true, expires at: 1780056135870
[debug] [2026-05-29T11:02:44.209Z] >>> [apiv2][query] GET https://secretmanager.googleapis.com/v1/projects/abacusace-mmnqw/secrets/GMAIL_APP_PASSWORD/versions/latest [none]
[debug] [2026-05-29T11:02:44.680Z] <<< [apiv2][status] GET https://secretmanager.googleapis.com/v1/projects/abacusace-mmnqw/secrets/GMAIL_APP_PASSWORD/versions/latest 200
[debug] [2026-05-29T11:02:44.680Z] <<< [apiv2][body] GET https://secretmanager.googleapis.com/v1/projects/abacusace-mmnqw/secrets/GMAIL_APP_PASSWORD/versions/latest {"name":"projects/937539932258/secrets/GMAIL_APP_PASSWORD/versions/5","createTime":"2026-03-11T07:05:54.122577Z","state":"ENABLED","replicationStatus":{"automatic":{}},"etag":"\"164cba44521751\""}
[debug] [2026-05-29T11:02:44.681Z] Resolved secret version of GMAIL_APP_PASSWORD to 5.
[debug] [2026-05-29T11:02:44.683Z] Checked if tokens are valid: true, expires at: 1780056135870
[debug] [2026-05-29T11:02:44.683Z] Checked if tokens are valid: true, expires at: 1780056135870
[debug] [2026-05-29T11:02:44.683Z] >>> [apiv2][query] GET https://cloudresourcemanager.googleapis.com/v1/projects/abacusace-mmnqw [none]
[debug] [2026-05-29T11:02:46.122Z] <<< [apiv2][status] GET https://cloudresourcemanager.googleapis.com/v1/projects/abacusace-mmnqw 200
[debug] [2026-05-29T11:02:46.123Z] <<< [apiv2][body] GET https://cloudresourcemanager.googleapis.com/v1/projects/abacusace-mmnqw {"projectNumber":"937539932258","projectId":"abacusace-mmnqw","lifecycleState":"ACTIVE","name":"AbacusAce","labels":{"monospace-workspace-id":"studio-1605309290","firebase":"enabled","firebase-core":"disabled"},"createTime":"2025-08-08T08:36:01.640040Z"}
[debug] [2026-05-29T11:02:46.125Z] Checked if tokens are valid: true, expires at: 1780056135870
[debug] [2026-05-29T11:02:46.126Z] Checked if tokens are valid: true, expires at: 1780056135870
[debug] [2026-05-29T11:02:46.126Z] >>> [apiv2][query] GET https://compute.googleapis.com/compute/v1/projects/937539932258 [none]
[debug] [2026-05-29T11:02:46.706Z] <<< [apiv2][status] GET https://compute.googleapis.com/compute/v1/projects/937539932258 200
[debug] [2026-05-29T11:02:46.707Z] <<< [apiv2][body] GET https://compute.googleapis.com/compute/v1/projects/937539932258 {"kind":"compute#project","id":"7148129780510562330","creationTimestamp":"2025-11-12T07:25:43.042-08:00","name":"abacusace-mmnqw","commonInstanceMetadata":{"kind":"compute#metadata","fingerprint":"TfmXvMBAfkw="},"quotas":[{"metric":"SNAPSHOTS","limit":1000,"usage":0},{"metric":"NETWORKS","limit":5,"usage":1},{"metric":"FIREWALLS","limit":100,"usage":4},{"metric":"IMAGES","limit":100,"usage":0},{"metric":"STATIC_ADDRESSES","limit":8,"usage":0},{"metric":"ROUTES","limit":200,"usage":0},{"metric":"FORWARDING_RULES","limit":15,"usage":0},{"metric":"TARGET_POOLS","limit":50,"usage":0},{"metric":"HEALTH_CHECKS","limit":75,"usage":0},{"metric":"IN_USE_ADDRESSES","limit":8,"usage":0},{"metric":"TARGET_INSTANCES","limit":50,"usage":0},{"metric":"TARGET_HTTP_PROXIES","limit":10,"usage":0},{"metric":"URL_MAPS","limit":10,"usage":0},{"metric":"BACKEND_SERVICES","limit":50,"usage":0},{"metric":"INSTANCE_TEMPLATES","limit":100,"usage":0},{"metric":"TARGET_VPN_GATEWAYS","limit":5,"usage":0},{"metric":"VPN_TUNNELS","limit":10,"usage":0},{"metric":"BACKEND_BUCKETS","limit":3,"usage":0},{"metric":"ROUTERS","limit":10,"usage":0},{"metric":"TARGET_SSL_PROXIES","limit":10,"usage":0},{"metric":"TARGET_HTTPS_PROXIES","limit":10,"usage":0},{"metric":"SSL_CERTIFICATES","limit":10,"usage":0},{"metric":"SUBNETWORKS","limit":100,"usage":0},{"metric":"TARGET_TCP_PROXIES","limit":10,"usage":0},{"metric":"CPUS_ALL_REGIONS","limit":32,"usage":0},{"metric":"SECURITY_POLICIES","limit":10,"usage":0},{"metric":"SECURITY_POLICY_RULES","limit":100,"usage":0},{"metric":"XPN_SERVICE_PROJECTS","limit":1000,"usage":0},{"metric":"PACKET_MIRRORINGS","limit":20,"usage":0},{"metric":"NETWORK_ENDPOINT_GROUPS","limit":100,"usage":0},{"metric":"INTERCONNECTS","limit":6,"usage":0},{"metric":"SSL_POLICIES","limit":10,"usage":0},{"metric":"GLOBAL_INTERNAL_ADDRESSES","limit":5000,"usage":0},{"metric":"VPN_GATEWAYS","limit":5,"usage":0},{"metric":"MACHINE_IMAGES","limit":100,"usage":0},{"metric":"SECURITY_POLICY_CEVAL_RULES","limit":20,"usage":0},{"metric":"GPUS_ALL_REGIONS","limit":0,"usage":0},{"metric":"EXTERNAL_VPN_GATEWAYS","limit":5,"usage":0},{"metric":"PUBLIC_ADVERTISED_PREFIXES","limit":1,"usage":0},{"metric":"PUBLIC_DELEGATED_PREFIXES","limit":10,"usage":0},{"metric":"STATIC_BYOIP_ADDRESSES","limit":128,"usage":0},{"metric":"NETWORK_FIREWALL_POLICIES","limit":10,"usage":0},{"metric":"INTERNAL_TRAFFIC_DIRECTOR_FORWARDING_RULES","limit":15,"usage":0},{"metric":"GLOBAL_EXTERNAL_MANAGED_FORWARDING_RULES","limit":15,"usage":0},{"metric":"GLOBAL_INTERNAL_MANAGED_BACKEND_SERVICES","limit":50,"usage":0},{"metric":"GLOBAL_EXTERNAL_MANAGED_BACKEND_SERVICES","limit":50,"usage":0},{"metric":"GLOBAL_EXTERNAL_PROXY_LB_BACKEND_SERVICES","limit":50,"usage":0},{"metric":"GLOBAL_INTERNAL_TRAFFIC_DIRECTOR_BACKEND_SERVICES","limit":250,"usage":0}],"selfLink":"https://www.googleapis.com/compute/v1/projects/abacusace-mmnqw","defaultServiceAccount":"937539932258-compute@developer.gserviceaccount.com","xpnProjectStatus":"UNSPECIFIED_XPN_PROJECT_STATUS","defaultNetworkTier":"PREMIUM","vmDnsSetting":"ZONAL_ONLY","cloudArmorTier":"CA_STANDARD"}
[info] i  functions: ensuring 937539932258-compute@developer.gserviceaccount.com access to secret GMAIL_APP_PASSWORD. 
[debug] [2026-05-29T11:02:46.711Z] Checked if tokens are valid: true, expires at: 1780056135870
[debug] [2026-05-29T11:02:46.711Z] Checked if tokens are valid: true, expires at: 1780056135870
[debug] [2026-05-29T11:02:46.712Z] >>> [apiv2][query] GET https://secretmanager.googleapis.com/v1/projects/abacusace-mmnqw/secrets/GMAIL_APP_PASSWORD:getIamPolicy [none]
[debug] [2026-05-29T11:02:47.467Z] <<< [apiv2][status] GET https://secretmanager.googleapis.com/v1/projects/abacusace-mmnqw/secrets/GMAIL_APP_PASSWORD:getIamPolicy 200
[debug] [2026-05-29T11:02:47.467Z] <<< [apiv2][body] GET https://secretmanager.googleapis.com/v1/projects/abacusace-mmnqw/secrets/GMAIL_APP_PASSWORD:getIamPolicy {"version":1,"etag":"BwZM1Wb4q00=","bindings":[{"role":"roles/secretmanager.secretAccessor","members":["serviceAccount:937539932258-compute@developer.gserviceaccount.com","serviceAccount:937539932258@cloudbuild.gserviceaccount.com","serviceAccount:firebase-app-hosting-compute@abacusace-mmnqw.iam.gserviceaccount.com"]},{"role":"roles/secretmanager.viewer","members":["serviceAccount:firebase-app-hosting-compute@abacusace-mmnqw.iam.gserviceaccount.com"]}]}
[info] +  secretmanager: Granted roles/secretmanager.secretAccessor on projects/abacusace-mmnqw/secrets/GMAIL_APP_PASSWORD to 937539932258-compute@developer.gserviceaccount.com 
[info] +  functions: ensured 937539932258-compute@developer.gserviceaccount.com access to GMAIL_APP_PASSWORD. 
[debug] [2026-05-29T11:02:47.471Z] Checked if tokens are valid: true, expires at: 1780056135870
[debug] [2026-05-29T11:02:47.471Z] Checked if tokens are valid: true, expires at: 1780056135870
[debug] [2026-05-29T11:02:47.472Z] >>> [apiv2][query] GET https://cloudbilling.googleapis.com/v1/projects/abacusace-mmnqw/billingInfo [none]
[debug] [2026-05-29T11:02:48.851Z] <<< [apiv2][status] GET https://cloudbilling.googleapis.com/v1/projects/abacusace-mmnqw/billingInfo 200
[debug] [2026-05-29T11:02:48.851Z] <<< [apiv2][body] GET https://cloudbilling.googleapis.com/v1/projects/abacusace-mmnqw/billingInfo {"name":"projects/abacusace-mmnqw/billingInfo","projectId":"abacusace-mmnqw","billingAccountName":"billingAccounts/01257E-D7C20F-8C2DC8","billingEnabled":true}
[debug] [2026-05-29T11:02:48.866Z] Checked if tokens are valid: true, expires at: 1780056135870
[debug] [2026-05-29T11:02:48.866Z] Checked if tokens are valid: true, expires at: 1780056135870
[debug] [2026-05-29T11:02:48.867Z] >>> [apiv2][query] POST https://cloudfunctions.googleapis.com/v2/projects/abacusace-mmnqw/locations/us-central1/functions:generateUploadUrl [none]
[debug] [2026-05-29T11:02:50.344Z] <<< [apiv2][status] POST https://cloudfunctions.googleapis.com/v2/projects/abacusace-mmnqw/locations/us-central1/functions:generateUploadUrl 200
[debug] [2026-05-29T11:02:50.344Z] <<< [apiv2][body] POST https://cloudfunctions.googleapis.com/v2/projects/abacusace-mmnqw/locations/us-central1/functions:generateUploadUrl {"uploadUrl":"https://storage.googleapis.com/gcf-v2-uploads-937539932258.us-central1.cloudfunctions.appspot.com/8314b861-b5c9-4e7a-a9a1-66b1c91df86e.zip?GoogleAccessId=service-937539932258@gcf-admin-robot.iam.gserviceaccount.com&Expires=1780054369&Signature=l6UsLqVtfsFlZczqgrHAWGCS01BmzdoeqCeLuedkAzb2kUJSb2LYpkuW28pkGrREkIOsBTW5LlBuJCMK6BX5WvjdignAKuiq9LD58fO353LB4Z11mctqzboAmF%2FjaThzrxU7Q4LInR8QnGWywkMO%2Bg6vz00i9MjwYupAk2E8E0NcudC2C6b7c8Zq4VJbGDzC5XhHrj1dNvN82uaUJ5M0WC5SVTKNW94CmScchTNqhWg%2Ff1bYGo00iBLeXwoUPRWh1l0eKSwcPm3RHLfgjJ9EafAPmsl%2BcTSGBDAUAk66Yxi2zHsU9OTkYrYoxrkhRlf5vJiEyCga0UChgmsnrN22hA%3D%3D","storageSource":{"bucket":"gcf-v2-uploads-937539932258.us-central1.cloudfunctions.appspot.com","object":"8314b861-b5c9-4e7a-a9a1-66b1c91df86e.zip"}}
[debug] [2026-05-29T11:02:50.358Z] >>> [apiv2][query] PUT https://storage.googleapis.com/gcf-v2-uploads-937539932258.us-central1.cloudfunctions.appspot.com/8314b861-b5c9-4e7a-a9a1-66b1c91df86e.zip GoogleAccessId=service-937539932258%40gcf-admin-robot.iam.gserviceaccount.com&Expires=1780054369&Signature=l6UsLqVtfsFlZczqgrHAWGCS01BmzdoeqCeLuedkAzb2kUJSb2LYpkuW28pkGrREkIOsBTW5LlBuJCMK6BX5WvjdignAKuiq9LD58fO353LB4Z11mctqzboAmF%2FjaThzrxU7Q4LInR8QnGWywkMO%2Bg6vz00i9MjwYupAk2E8E0NcudC2C6b7c8Zq4VJbGDzC5XhHrj1dNvN82uaUJ5M0WC5SVTKNW94CmScchTNqhWg%2Ff1bYGo00iBLeXwoUPRWh1l0eKSwcPm3RHLfgjJ9EafAPmsl%2BcTSGBDAUAk66Yxi2zHsU9OTkYrYoxrkhRlf5vJiEyCga0UChgmsnrN22hA%3D%3D
[debug] [2026-05-29T11:02:50.358Z] >>> [apiv2][body] PUT https://storage.googleapis.com/gcf-v2-uploads-937539932258.us-central1.cloudfunctions.appspot.com/8314b861-b5c9-4e7a-a9a1-66b1c91df86e.zip [stream]
[debug] [2026-05-29T11:02:52.473Z] <<< [apiv2][status] PUT https://storage.googleapis.com/gcf-v2-uploads-937539932258.us-central1.cloudfunctions.appspot.com/8314b861-b5c9-4e7a-a9a1-66b1c91df86e.zip 200
[debug] [2026-05-29T11:02:52.474Z] <<< [apiv2][body] PUT https://storage.googleapis.com/gcf-v2-uploads-937539932258.us-central1.cloudfunctions.appspot.com/8314b861-b5c9-4e7a-a9a1-66b1c91df86e.zip [omitted]
[info] +  functions: functions source uploaded successfully 
[info] 
The following functions are found in your project but do not exist in your local source code:
	createOneTimeOrder(us-central1)
	createRazorpaySubscription(us-central1)
	updateUserProfile(us-central1)

If you are renaming a function or changing its region, it is recommended that you create the new function first before deleting the old one to prevent event loss. For more info, visit https://firebase.google.com/docs/functions/manage-functions#modify

